<?xml version="1.0" encoding="UTF-8"?>
<!-- Generated by org.testng.reporters.JUnitReportReporter -->
<testsuite skipped="0" hostname="gur-27227" name="testMaven.MavenCheck" tests="1" failures="0" timestamp="15 Mar 2021 05:42:56 GMT" time="10.083" errors="0">
  <testcase name="m1" time="10.083" classname="testMaven.MavenCheck"/>
</testsuite> <!-- testMaven.MavenCheck -->
