<?xml version="1.0" encoding="UTF-8"?>
<!-- Generated by org.testng.reporters.JUnitReportReporter -->
<testsuite skipped="0" hostname="gur-27227" name="testMaven.MavenCheck" tests="1" failures="0" timestamp="17 Mar 2021 05:27:38 GMT" time="21.149" errors="0">
  <testcase name="m1" time="21.149" classname="testMaven.MavenCheck"/>
</testsuite> <!-- testMaven.MavenCheck -->
